{"uuid":"c6cd5f6d-e0ac-4998-8762-3e8b75adaaf8","historyId":"eb90c31d1bb066cfb8d42736e8383c3b","fullName":"com.nopcommerce.user.MyAccount.TC_03_Change_Password","labels":[{"name":"package","value":"com.nopcommerce.user.MyAccount"},{"name":"testClass","value":"com.nopcommerce.user.MyAccount"},{"name":"testMethod","value":"TC_03_Change_Password"},{"name":"parentSuite","value":"NopCommerce"},{"name":"suite","value":"Run on Chrome"},{"name":"subSuite","value":"com.nopcommerce.user.MyAccount"},{"name":"host","value":"DESKTOP-GI5UTU0"},{"name":"thread","value":"7672@DESKTOP-GI5UTU0.main(1)"},{"name":"framework","value":"testng"},{"name":"language","value":"java"}],"links":[],"name":"Verify pasword is changed successfully","status":"broken","statusDetails":{"known":false,"muted":false,"flaky":false,"message":"Expected condition failed: waiting for element to be clickable: By.className: ico-login (tried for 30 second(s) with 500 milliseconds interval)","trace":"org.openqa.selenium.TimeoutException: Expected condition failed: waiting for element to be clickable: By.className: ico-login (tried for 30 second(s) with 500 milliseconds interval)\r\n\tat org.openqa.selenium.support.ui.WebDriverWait.timeoutException(WebDriverWait.java:95)\r\n\tat org.openqa.selenium.support.ui.FluentWait.until(FluentWait.java:272)\r\n\tat commons.BasePage.waitForElementClickable(BasePage.java:487)\r\n\tat pageObjects.HomePageObject.clickToLoginLink(HomePageObject.java:18)\r\n\tat com.nopcommerce.user.MyAccount.TC_03_Change_Password(MyAccount.java:138)\r\n\tat java.base/jdk.internal.reflect.NativeMethodAccessorImpl.invoke0(Native Method)\r\n\tat java.base/jdk.internal.reflect.NativeMethodAccessorImpl.invoke(NativeMethodAccessorImpl.java:62)\r\n\tat java.base/jdk.internal.reflect.DelegatingMethodAccessorImpl.invoke(DelegatingMethodAccessorImpl.java:43)\r\n\tat java.base/java.lang.reflect.Method.invoke(Method.java:566)\r\n\tat org.testng.internal.MethodInvocationHelper.invokeMethod(MethodInvocationHelper.java:124)\r\n\tat org.testng.internal.Invoker.invokeMethod(Invoker.java:583)\r\n\tat org.testng.internal.Invoker.invokeTestMethod(Invoker.java:719)\r\n\tat org.testng.internal.Invoker.invokeTestMethods(Invoker.java:989)\r\n\tat org.testng.internal.TestMethodWorker.invokeTestMethods(TestMethodWorker.java:125)\r\n\tat org.testng.internal.TestMethodWorker.run(TestMethodWorker.java:109)\r\n\tat org.testng.TestRunner.privateRun(TestRunner.java:648)\r\n\tat org.testng.TestRunner.run(TestRunner.java:505)\r\n\tat org.testng.SuiteRunner.runTest(SuiteRunner.java:455)\r\n\tat org.testng.SuiteRunner.runSequentially(SuiteRunner.java:450)\r\n\tat org.testng.SuiteRunner.privateRun(SuiteRunner.java:415)\r\n\tat org.testng.SuiteRunner.run(SuiteRunner.java:364)\r\n\tat org.testng.SuiteRunnerWorker.runSuite(SuiteRunnerWorker.java:52)\r\n\tat org.testng.SuiteRunnerWorker.run(SuiteRunnerWorker.java:84)\r\n\tat org.testng.TestNG.runSuitesSequentially(TestNG.java:1208)\r\n\tat org.testng.TestNG.runSuitesLocally(TestNG.java:1137)\r\n\tat org.testng.TestNG.runSuites(TestNG.java:1049)\r\n\tat org.testng.TestNG.run(TestNG.java:1017)\r\n\tat org.testng.remote.AbstractRemoteTestNG.run(AbstractRemoteTestNG.java:115)\r\n\tat org.testng.remote.RemoteTestNG.initAndRun(RemoteTestNG.java:251)\r\n\tat org.testng.remote.RemoteTestNG.main(RemoteTestNG.java:77)\r\nCaused by: org.openqa.selenium.NoSuchElementException: Unable to locate element: .ico\\-login\nFor documentation on this error, please visit: https://www.seleniumhq.org/exceptions/no_such_element.html\nBuild info: version: '3.141.59', revision: 'e82be7d358', time: '2018-11-14T08:17:03'\nSystem info: host: 'DESKTOP-GI5UTU0', ip: '192.168.1.4', os.name: 'Windows 10', os.arch: 'amd64', os.version: '10.0', java.version: '11.0.11'\nDriver info: org.openqa.selenium.firefox.FirefoxDriver\nCapabilities {acceptInsecureCerts: true, browserName: firefox, browserVersion: 103.0, javascriptEnabled: true, moz:accessibilityChecks: false, moz:buildID: 20220718155818, moz:geckodriverVersion: 0.31.0, moz:headless: false, moz:platformVersion: 10.0, moz:processID: 8572, moz:profile: C:\\Users\\Quynh\\AppData\\Loca..., moz:shutdownTimeout: 60000, moz:useNonSpecCompliantPointerOrigin: false, moz:webdriverClick: true, moz:windowless: false, pageLoadStrategy: normal, platform: WINDOWS, platformName: WINDOWS, proxy: Proxy(), setWindowRect: true, strictFileInteractability: false, timeouts: {implicit: 0, pageLoad: 300000, script: 30000}, unhandledPromptBehavior: dismiss and notify}\nSession ID: eeeb1f62-4235-48b9-92fd-df3426b9b397\n*** Element info: {Using=class name, value=ico-login}\r\n\tat java.base/jdk.internal.reflect.NativeConstructorAccessorImpl.newInstance0(Native Method)\r\n\tat java.base/jdk.internal.reflect.NativeConstructorAccessorImpl.newInstance(NativeConstructorAccessorImpl.java:62)\r\n\tat java.base/jdk.internal.reflect.DelegatingConstructorAccessorImpl.newInstance(DelegatingConstructorAccessorImpl.java:45)\r\n\tat java.base/java.lang.reflect.Constructor.newInstance(Constructor.java:490)\r\n\tat org.openqa.selenium.remote.http.W3CHttpResponseCodec.createException(W3CHttpResponseCodec.java:187)\r\n\tat org.openqa.selenium.remote.http.W3CHttpResponseCodec.decode(W3CHttpResponseCodec.java:122)\r\n\tat org.openqa.selenium.remote.http.W3CHttpResponseCodec.decode(W3CHttpResponseCodec.java:49)\r\n\tat org.openqa.selenium.remote.HttpCommandExecutor.execute(HttpCommandExecutor.java:158)\r\n\tat org.openqa.selenium.remote.service.DriverCommandExecutor.execute(DriverCommandExecutor.java:83)\r\n\tat org.openqa.selenium.remote.RemoteWebDriver.execute(RemoteWebDriver.java:552)\r\n\tat org.openqa.selenium.remote.RemoteWebDriver.findElement(RemoteWebDriver.java:323)\r\n\tat org.openqa.selenium.remote.RemoteWebDriver.findElementByClassName(RemoteWebDriver.java:412)\r\n\tat org.openqa.selenium.By$ByClassName.findElement(By.java:389)\r\n\tat org.openqa.selenium.remote.RemoteWebDriver.findElement(RemoteWebDriver.java:315)\r\n\tat org.openqa.selenium.support.ui.ExpectedConditions$7.apply(ExpectedConditions.java:205)\r\n\tat org.openqa.selenium.support.ui.ExpectedConditions$7.apply(ExpectedConditions.java:201)\r\n\tat org.openqa.selenium.support.ui.ExpectedConditions$22.apply(ExpectedConditions.java:641)\r\n\tat org.openqa.selenium.support.ui.ExpectedConditions$22.apply(ExpectedConditions.java:638)\r\n\tat org.openqa.selenium.support.ui.FluentWait.until(FluentWait.java:249)\r\n\t... 28 more\r\n"},"stage":"finished","steps":[{"name":"Input to field OldPassword = uxnpom83qx9tpq","status":"passed","stage":"finished","steps":[],"attachments":[],"parameters":[{"name":"inputValue","value":"uxnpom83qx9tpq"},{"name":"fieldName","value":"OldPassword"}],"start":1659026866913,"stop":1659026867374},{"name":"Input to field NewPassword = wv5ic9mp7","status":"passed","stage":"finished","steps":[],"attachments":[],"parameters":[{"name":"inputValue","value":"wv5ic9mp7"},{"name":"fieldName","value":"NewPassword"}],"start":1659026867374,"stop":1659026867563},{"name":"Input to field ConfirmNewPassword = wv5ic9mp7","status":"passed","stage":"finished","steps":[],"attachments":[],"parameters":[{"name":"inputValue","value":"wv5ic9mp7"},{"name":"fieldName","value":"ConfirmNewPassword"}],"start":1659026867564,"stop":1659026867681},{"name":"Click change password button","status":"passed","stage":"finished","steps":[],"attachments":[],"parameters":[],"start":1659026867681,"stop":1659026868196},{"name":"After changing password, verify successful message is shown","status":"passed","stage":"finished","steps":[],"attachments":[],"parameters":[],"start":1659026868196,"stop":1659026868287},{"name":"Close messsage then log out and log in with old password/ new password","status":"passed","stage":"finished","steps":[],"attachments":[],"parameters":[],"start":1659026868288,"stop":1659026868573}],"attachments":[],"parameters":[{"name":"browser","value":"firefox"}],"start":1659026866669,"stop":1659026899205}